<?xml version="1.0" encoding="UTF-8"?>
<!-- Generated by org.testng.reporters.JUnitReportReporter -->
<testsuite skipped="1" hostname="Tanbir" name="interview.sampleProject.TestWebApplication" tests="2" failures="0" timestamp="01 Apr 2019 06:27:45 GMT" time="1.353" errors="0">
  <testcase name="testUserFilter" time="1.353" classname="interview.sampleProject.TestWebApplication"/>
  <testcase name="testCreateUser" classname="interview.sampleProject.TestWebApplication">
    <skipped/>
  </testcase> <!-- testCreateUser -->
</testsuite> <!-- interview.sampleProject.TestWebApplication -->
