<?xml version="1.0" encoding="UTF-8"?>
<!-- Generated by org.testng.reporters.JUnitReportReporter -->
<testsuite skipped="2" hostname="Tanbir" name="interview.sampleProject.HTTPMethods" tests="3" failures="0" timestamp="30 Mar 2019 22:31:01 GMT" time="1.767" errors="0">
  <testcase name="putUsers" time="1.767" classname="interview.sampleProject.HTTPMethods"/>
  <testcase name="postComment" classname="interview.sampleProject.HTTPMethods">
    <skipped/>
  </testcase> <!-- postComment -->
  <testcase name="getPost" classname="interview.sampleProject.HTTPMethods">
    <skipped/>
  </testcase> <!-- getPost -->
</testsuite> <!-- interview.sampleProject.HTTPMethods -->
