<?xml version="1.0" encoding="UTF-8"?>
<!-- Generated by org.testng.reporters.JUnitReportReporter -->
<testsuite skipped="0" hostname="Tanbir" name="interview.sampleProject.TestHTTPMethods" tests="1" failures="0" timestamp="01 Apr 2019 05:29:48 GMT" time="1.737" errors="0">
  <testcase name="testHTTPMethods" time="1.737" classname="interview.sampleProject.TestHTTPMethods"/>
</testsuite> <!-- interview.sampleProject.TestHTTPMethods -->
