<?xml version="1.0" encoding="UTF-8"?>
<!-- Generated by org.testng.reporters.JUnitReportReporter -->
<testsuite skipped="0" hostname="Tanbir" name="interview.sampleProject.TestWebApplication" tests="1" failures="0" timestamp="31 Mar 2019 04:52:58 GMT" time="0.000" errors="0">
  <testcase name="testWebApplication" time="0.000" classname="interview.sampleProject.TestWebApplication"/>
</testsuite> <!-- interview.sampleProject.TestWebApplication -->
